11:29:38.818 [main] DEBUG com.intuit.karate.Suite - [config] classpath:karate-config.js
11:29:39.697 [main] INFO  com.intuit.karate - >> lock acquired, begin callSingle: classpath:examples/generic_functions.feature
11:29:39.865 [main] INFO  com.intuit.karate - << lock released, cached callSingle: classpath:examples/generic_functions.feature
11:29:39.880 [main] INFO  com.intuit.karate - Iteration =  1 
11:29:39.883 [main] INFO  com.intuit.karate - randomNumber =  59 
11:29:40.897 [main] INFO  com.intuit.karate - 0 
11:29:41.904 [main] INFO  com.intuit.karate - 1 
11:29:42.908 [main] INFO  com.intuit.karate - 2 
11:29:43.925 [main] INFO  com.intuit.karate - 3 
11:29:44.929 [main] INFO  com.intuit.karate - 4 
11:29:45.941 [main] INFO  com.intuit.karate - 5 
11:29:46.945 [main] INFO  com.intuit.karate - 6 
11:29:47.949 [main] INFO  com.intuit.karate - 7 
11:29:48.960 [main] INFO  com.intuit.karate - 8 
11:29:49.975 [main] INFO  com.intuit.karate - 9 
11:29:50.980 [main] INFO  com.intuit.karate - 10 
11:29:51.994 [main] INFO  com.intuit.karate - 11 
11:29:53.010 [main] INFO  com.intuit.karate - 12 
11:29:54.017 [main] INFO  com.intuit.karate - 13 
11:29:55.022 [main] INFO  com.intuit.karate - 14 
11:29:56.025 [main] INFO  com.intuit.karate - 15 
11:29:57.037 [main] INFO  com.intuit.karate - 16 
11:29:58.047 [main] INFO  com.intuit.karate - 17 
11:29:59.062 [main] INFO  com.intuit.karate - 18 
11:30:00.073 [main] INFO  com.intuit.karate - 19 
11:30:01.087 [main] INFO  com.intuit.karate - 20 
11:30:02.100 [main] INFO  com.intuit.karate - 21 
11:30:03.117 [main] INFO  com.intuit.karate - 22 
11:30:04.122 [main] INFO  com.intuit.karate - 23 
11:30:05.346 [main] INFO  com.intuit.karate - 24 
11:30:06.352 [main] INFO  com.intuit.karate - 25 
11:30:07.358 [main] INFO  com.intuit.karate - 26 
11:30:08.361 [main] INFO  com.intuit.karate - 27 
11:30:09.377 [main] INFO  com.intuit.karate - 28 
11:30:10.392 [main] INFO  com.intuit.karate - 29 
11:30:11.406 [main] INFO  com.intuit.karate - 30 
11:30:12.423 [main] INFO  com.intuit.karate - 31 
11:30:13.438 [main] INFO  com.intuit.karate - 32 
11:30:14.440 [main] INFO  com.intuit.karate - 33 
11:30:15.457 [main] INFO  com.intuit.karate - 34 
11:30:16.459 [main] INFO  com.intuit.karate - 35 
11:30:17.475 [main] INFO  com.intuit.karate - 36 
11:30:18.490 [main] INFO  com.intuit.karate - 37 
11:30:19.497 [main] INFO  com.intuit.karate - 38 
11:30:20.513 [main] INFO  com.intuit.karate - 39 
11:30:21.517 [main] INFO  com.intuit.karate - 40 
11:30:22.533 [main] INFO  com.intuit.karate - 41 
11:30:23.537 [main] INFO  com.intuit.karate - 42 
11:30:24.541 [main] INFO  com.intuit.karate - 43 
11:30:25.554 [main] INFO  com.intuit.karate - 44 
11:30:26.568 [main] INFO  com.intuit.karate - 45 
11:30:27.583 [main] INFO  com.intuit.karate - 46 
11:30:28.599 [main] INFO  com.intuit.karate - 47 
11:30:29.610 [main] INFO  com.intuit.karate - 48 
11:30:30.616 [main] INFO  com.intuit.karate - 49 
11:30:31.629 [main] INFO  com.intuit.karate - 50 
11:30:32.643 [main] INFO  com.intuit.karate - 51 
11:30:33.655 [main] INFO  com.intuit.karate - 52 
11:30:34.658 [main] INFO  com.intuit.karate - 53 
11:30:35.667 [main] INFO  com.intuit.karate - 54 
11:30:36.682 [main] INFO  com.intuit.karate - 55 
11:30:37.695 [main] INFO  com.intuit.karate - 56 
11:30:38.710 [main] INFO  com.intuit.karate - 57 
11:30:39.726 [main] INFO  com.intuit.karate - 58 
11:30:40.736 [main] INFO  com.intuit.karate - 59 
11:30:41.753 [main] INFO  com.intuit.karate - 60 
11:30:42.767 [main] INFO  com.intuit.karate - 61 
11:30:43.773 [main] INFO  com.intuit.karate - 62 
11:30:44.787 [main] INFO  com.intuit.karate - 63 
11:30:45.799 [main] INFO  com.intuit.karate - 64 
11:30:46.808 [main] INFO  com.intuit.karate - 65 
11:30:47.820 [main] INFO  com.intuit.karate - 66 
11:30:48.822 [main] INFO  com.intuit.karate - 67 
11:30:49.835 [main] INFO  com.intuit.karate - 68 
11:30:50.842 [main] INFO  com.intuit.karate - 69 
11:30:51.847 [main] INFO  com.intuit.karate - 70 
11:30:51.852 [main] INFO  com.intuit.karate - Unique UUID =  8918427262 
11:30:52.598 [main] INFO  com.intuit.karate.Suite - <<pass>> feature 3 of 3 (0 remaining) classpath:examples/users.feature
11:30:52.598 [main] DEBUG com.intuit.karate.Suite - waiting for 3 features to complete
